<?xml version="1.0" encoding="UTF-8"?>
<!-- Generated by org.testng.reporters.JUnitXMLReporter -->
<testsuite ignored="0" hostname="Bharani" failures="0" tests="4" name="Test" time="0.055" errors="0" timestamp="2022-08-25T12:52:46 IST">
  <testcase classname="demo.Test1" name="tc1" time="0.015"/>
  <testcase classname="demo.Test2" name="tc1" time="0.001"/>
  <testcase classname="demo.Test3" name="tc3" time="0.001"/>
  <testcase classname="demo.Test4" name="tc3" time="0.001"/>
</testsuite> <!-- Test -->
