<?xml version="1.0" encoding="UTF-8"?>
<testng-results ignored="0" total="3" passed="3" failed="0" skipped="0">
  <reporter-output>
  </reporter-output>
  <suite started-at="2022-08-25T12:41:23 IST" name="Suite" finished-at="2022-08-25T12:41:23 IST" duration-ms="55">
    <groups>
    </groups>
    <test started-at="2022-08-25T12:41:23 IST" name="Test" finished-at="2022-08-25T12:41:23 IST" duration-ms="55">
      <class name="demo.Test3">
        <test-method signature="tc3()[pri:0, instance:demo.Test3@383bfa16]" started-at="2022-08-25T12:41:23 IST" name="tc3" finished-at="2022-08-25T12:41:23 IST" duration-ms="1" status="PASS">
          <reporter-output>
          </reporter-output>
        </test-method> <!-- tc3 -->
      </class> <!-- demo.Test3 -->
      <class name="demo.Test1">
        <test-method signature="tc1()[pri:0, instance:demo.Test1@759d26fb]" started-at="2022-08-25T12:41:23 IST" name="tc1" finished-at="2022-08-25T12:41:23 IST" duration-ms="14" status="PASS">
          <reporter-output>
          </reporter-output>
        </test-method> <!-- tc1 -->
      </class> <!-- demo.Test1 -->
      <class name="demo.Test2">
        <test-method signature="tc1()[pri:0, instance:demo.Test2@71def8f8]" started-at="2022-08-25T12:41:23 IST" name="tc1" finished-at="2022-08-25T12:41:23 IST" duration-ms="1" status="PASS">
          <reporter-output>
          </reporter-output>
        </test-method> <!-- tc1 -->
      </class> <!-- demo.Test2 -->
    </test> <!-- Test -->
  </suite> <!-- Suite -->
</testng-results>
